c:\users\y38y3\desktop\yuv\yuv\release\yuv.pch
c:\users\y38y3\desktop\yuv\yuv\release\vc141.pdb
c:\users\y38y3\desktop\yuv\yuv\release\stdafx.obj
c:\users\y38y3\desktop\yuv\yuv\release\yuvrgb.obj
c:\users\y38y3\desktop\yuv\yuv\release\yuv4.obj
c:\users\y38y3\desktop\yuv\yuv\release\yuv.obj
c:\users\y38y3\desktop\yuv\yuv\release\ui.obj
c:\users\y38y3\desktop\yuv\yuv\release\rawvideo420.obj
c:\users\y38y3\desktop\yuv\yuv\release\filebuffer.obj
c:\users\y38y3\desktop\yuv\release\yuv.exe
c:\users\y38y3\desktop\yuv\release\yuv.pdb
c:\users\y38y3\desktop\yuv\yuv\release\yuv.res
c:\users\y38y3\desktop\yuv\release\yuv.ipdb
c:\users\y38y3\desktop\yuv\release\yuv.iobj
c:\users\y38y3\desktop\yuv\yuv\release\yuv.tlog\cl.command.1.tlog
c:\users\y38y3\desktop\yuv\yuv\release\yuv.tlog\cl.read.1.tlog
c:\users\y38y3\desktop\yuv\yuv\release\yuv.tlog\cl.write.1.tlog
c:\users\y38y3\desktop\yuv\yuv\release\yuv.tlog\link.command.1.tlog
c:\users\y38y3\desktop\yuv\yuv\release\yuv.tlog\link.read.1.tlog
c:\users\y38y3\desktop\yuv\yuv\release\yuv.tlog\link.write.1.tlog
c:\users\y38y3\desktop\yuv\yuv\release\yuv.tlog\rc.command.1.tlog
c:\users\y38y3\desktop\yuv\yuv\release\yuv.tlog\rc.read.1.tlog
c:\users\y38y3\desktop\yuv\yuv\release\yuv.tlog\rc.write.1.tlog
c:\users\y38y3\desktop\yuv\yuv\release\yuv.tlog\yuv.write.1u.tlog
