c:\users\y38y3\desktop\yuv\yuv\debug\yuv.pch
c:\users\y38y3\desktop\yuv\yuv\debug\vc141.pdb
c:\users\y38y3\desktop\yuv\yuv\debug\vc141.idb
c:\users\y38y3\desktop\yuv\yuv\debug\stdafx.obj
c:\users\y38y3\desktop\yuv\yuv\debug\filebuffer.obj
c:\users\y38y3\desktop\yuv\yuv\debug\rawvideo420.obj
c:\users\y38y3\desktop\yuv\yuv\debug\ui.obj
c:\users\y38y3\desktop\yuv\yuv\debug\yuv.obj
c:\users\y38y3\desktop\yuv\yuv\debug\yuv4.obj
c:\users\y38y3\desktop\yuv\yuv\debug\yuvrgb.obj
c:\users\y38y3\desktop\yuv\yuv\debug\yuv_setting.obj
c:\users\y38y3\desktop\yuv\debug\yuv.ilk
c:\users\y38y3\desktop\yuv\debug\yuv.exe
c:\users\y38y3\desktop\yuv\debug\yuv.pdb
c:\users\y38y3\desktop\yuv\yuv\debug\yuv.res
c:\users\y38y3\desktop\yuv\yuv\debug\yuv.tlog\cl.command.1.tlog
c:\users\y38y3\desktop\yuv\yuv\debug\yuv.tlog\cl.read.1.tlog
c:\users\y38y3\desktop\yuv\yuv\debug\yuv.tlog\cl.write.1.tlog
c:\users\y38y3\desktop\yuv\yuv\debug\yuv.tlog\link.command.1.tlog
c:\users\y38y3\desktop\yuv\yuv\debug\yuv.tlog\link.read.1.tlog
c:\users\y38y3\desktop\yuv\yuv\debug\yuv.tlog\link.write.1.tlog
c:\users\y38y3\desktop\yuv\yuv\debug\yuv.tlog\rc.command.1.tlog
c:\users\y38y3\desktop\yuv\yuv\debug\yuv.tlog\rc.read.1.tlog
c:\users\y38y3\desktop\yuv\yuv\debug\yuv.tlog\rc.write.1.tlog
